0 info it worked if it ends with ok
1 verbose cli [ '/home/mtaylor/.nvm/versions/node/v6.10.2/bin/node',
1 verbose cli   '/home/mtaylor/.nvm/versions/node/v6.10.2/bin/npm',
1 verbose cli   'version',
1 verbose cli   'patch',
1 verbose cli   '-m',
1 verbose cli   'Update dependencies' ]
2 info using npm@3.10.10
3 info using node@v6.10.2
4 info git [ 'status', '--porcelain' ]
5 verbose stack Error: Git working directory not clean.
5 verbose stack M package.json
5 verbose stack     at /home/mtaylor/.nvm/versions/node/v6.10.2/lib/node_modules/npm/lib/version.js:247:19
5 verbose stack     at /home/mtaylor/.nvm/versions/node/v6.10.2/lib/node_modules/npm/lib/utils/no-progress-while-running.js:21:8
5 verbose stack     at ChildProcess.exithandler (child_process.js:195:7)
5 verbose stack     at emitTwo (events.js:106:13)
5 verbose stack     at ChildProcess.emit (events.js:191:7)
5 verbose stack     at maybeClose (internal/child_process.js:886:16)
5 verbose stack     at Socket.<anonymous> (internal/child_process.js:342:11)
5 verbose stack     at emitOne (events.js:96:13)
5 verbose stack     at Socket.emit (events.js:188:7)
5 verbose stack     at Pipe._handle.close [as _onclose] (net.js:501:12)
6 verbose cwd /media/files/src/de-dupe
7 error Linux 4.8.0-49-generic
8 error argv "/home/mtaylor/.nvm/versions/node/v6.10.2/bin/node" "/home/mtaylor/.nvm/versions/node/v6.10.2/bin/npm" "version" "patch" "-m" "Update dependencies"
9 error node v6.10.2
10 error npm  v3.10.10
11 error Git working directory not clean.
11 error M package.json
12 error If you need help, you may report this error at:
12 error     <https://github.com/npm/npm/issues>
13 verbose exit [ 1, true ]
